<?xml version="1.0" encoding="UTF-8"?>
<!-- Generated by org.testng.reporters.JUnitReportReporter -->
<testsuite hostname="BOG07PROHL03793" name="com.pagosonline.ccutils.format.CreditCardFormatUtilsTest" tests="9" failures="0" timestamp="29 Mar 2019 23:40:09 GMT" time="0.021" errors="0">
  <testcase name="mask10" time="0.000" classname="com.pagosonline.ccutils.format.CreditCardFormatUtilsTest"/>
  <testcase name="mask11" time="0.000" classname="com.pagosonline.ccutils.format.CreditCardFormatUtilsTest"/>
  <testcase name="mask2" time="0.001" classname="com.pagosonline.ccutils.format.CreditCardFormatUtilsTest"/>
  <testcase name="mask12" time="0.000" classname="com.pagosonline.ccutils.format.CreditCardFormatUtilsTest"/>
  <testcase name="constructorAccesibilityTest" time="0.009" classname="com.pagosonline.ccutils.format.CreditCardFormatUtilsTest"/>
  <testcase name="mask01" time="0.002" classname="com.pagosonline.ccutils.format.CreditCardFormatUtilsTest"/>
  <testcase name="mask02" time="0.000" classname="com.pagosonline.ccutils.format.CreditCardFormatUtilsTest"/>
  <testcase name="mask00" time="0.009" classname="com.pagosonline.ccutils.format.CreditCardFormatUtilsTest"/>
  <testcase name="mask3" time="0.000" classname="com.pagosonline.ccutils.format.CreditCardFormatUtilsTest"/>
</testsuite> <!-- com.pagosonline.ccutils.format.CreditCardFormatUtilsTest -->
